CRITICAL - 2024-10-22 05:30:22 --> CodeIgniter\View\Exceptions\ViewException: Invalid file: "dashboard/user_management/user_form.php"
[Method: GET, Route: dashboard/user_form]
in SYSTEMPATH\Exceptions\FrameworkException.php on line 41.
 1 SYSTEMPATH\View\View.php(222): CodeIgniter\Exceptions\FrameworkException::forInvalidFile('dashboard/user_management/user_form.php')
 2 SYSTEMPATH\Common.php(1171): CodeIgniter\View\View->render('dashboard/user_management/user_form', [], true)
 3 APPPATH\Controllers\UserManagement.php(25): view('dashboard/user_management/user_form')
 4 SYSTEMPATH\CodeIgniter.php(933): App\Controllers\UserManagement->create()
 5 SYSTEMPATH\CodeIgniter.php(509): CodeIgniter\CodeIgniter->runController(Object(App\Controllers\UserManagement))
 6 SYSTEMPATH\CodeIgniter.php(355): CodeIgniter\CodeIgniter->handleRequest(null, Object(Config\Cache), false)
 7 SYSTEMPATH\Boot.php(325): CodeIgniter\CodeIgniter->run()
 8 SYSTEMPATH\Boot.php(67): CodeIgniter\Boot::runCodeIgniter(Object(CodeIgniter\CodeIgniter))
 9 FCPATH\index.php(56): CodeIgniter\Boot::bootWeb(Object(Config\Paths))
CRITICAL - 2024-10-22 06:03:30 --> CodeIgniter\View\Exceptions\ViewException: Invalid file: "dashboard/edit_user_form.php"
[Method: GET, Route: dashboard/edit_user/2]
in SYSTEMPATH\Exceptions\FrameworkException.php on line 41.
 1 SYSTEMPATH\View\View.php(222): CodeIgniter\Exceptions\FrameworkException::forInvalidFile('dashboard/edit_user_form.php')
 2 SYSTEMPATH\Common.php(1171): CodeIgniter\View\View->render('dashboard/edit_user_form', [], true)
 3 APPPATH\Controllers\UserManagement.php(61): view('dashboard/edit_user_form', [...])
 4 SYSTEMPATH\CodeIgniter.php(933): App\Controllers\UserManagement->edit('2')
 5 SYSTEMPATH\CodeIgniter.php(509): CodeIgniter\CodeIgniter->runController(Object(App\Controllers\UserManagement))
 6 SYSTEMPATH\CodeIgniter.php(355): CodeIgniter\CodeIgniter->handleRequest(null, Object(Config\Cache), false)
 7 SYSTEMPATH\Boot.php(325): CodeIgniter\CodeIgniter->run()
 8 SYSTEMPATH\Boot.php(67): CodeIgniter\Boot::runCodeIgniter(Object(CodeIgniter\CodeIgniter))
 9 FCPATH\index.php(56): CodeIgniter\Boot::bootWeb(Object(Config\Paths))
CRITICAL - 2024-10-22 06:04:12 --> CodeIgniter\View\Exceptions\ViewException: Invalid file: "dashboard/edit_user_form.php"
[Method: GET, Route: dashboard/edit_user/4]
in SYSTEMPATH\Exceptions\FrameworkException.php on line 41.
 1 SYSTEMPATH\View\View.php(222): CodeIgniter\Exceptions\FrameworkException::forInvalidFile('dashboard/edit_user_form.php')
 2 SYSTEMPATH\Common.php(1171): CodeIgniter\View\View->render('dashboard/edit_user_form', [], true)
 3 APPPATH\Controllers\UserManagement.php(61): view('dashboard/edit_user_form', [...])
 4 SYSTEMPATH\CodeIgniter.php(933): App\Controllers\UserManagement->edit('4')
 5 SYSTEMPATH\CodeIgniter.php(509): CodeIgniter\CodeIgniter->runController(Object(App\Controllers\UserManagement))
 6 SYSTEMPATH\CodeIgniter.php(355): CodeIgniter\CodeIgniter->handleRequest(null, Object(Config\Cache), false)
 7 SYSTEMPATH\Boot.php(325): CodeIgniter\CodeIgniter->run()
 8 SYSTEMPATH\Boot.php(67): CodeIgniter\Boot::runCodeIgniter(Object(CodeIgniter\CodeIgniter))
 9 FCPATH\index.php(56): CodeIgniter\Boot::bootWeb(Object(Config\Paths))
CRITICAL - 2024-10-22 06:08:26 --> CodeIgniter\View\Exceptions\ViewException: Invalid file: "dashboard/edit_user_form.php"
[Method: GET, Route: dashboard/edit_user/4]
in SYSTEMPATH\Exceptions\FrameworkException.php on line 41.
 1 SYSTEMPATH\View\View.php(222): CodeIgniter\Exceptions\FrameworkException::forInvalidFile('dashboard/edit_user_form.php')
 2 SYSTEMPATH\Common.php(1171): CodeIgniter\View\View->render('dashboard/edit_user_form', [], true)
 3 APPPATH\Controllers\UserManagement.php(61): view('dashboard/edit_user_form', [...])
 4 SYSTEMPATH\CodeIgniter.php(933): App\Controllers\UserManagement->edit('4')
 5 SYSTEMPATH\CodeIgniter.php(509): CodeIgniter\CodeIgniter->runController(Object(App\Controllers\UserManagement))
 6 SYSTEMPATH\CodeIgniter.php(355): CodeIgniter\CodeIgniter->handleRequest(null, Object(Config\Cache), false)
 7 SYSTEMPATH\Boot.php(325): CodeIgniter\CodeIgniter->run()
 8 SYSTEMPATH\Boot.php(67): CodeIgniter\Boot::runCodeIgniter(Object(CodeIgniter\CodeIgniter))
 9 FCPATH\index.php(56): CodeIgniter\Boot::bootWeb(Object(Config\Paths))
CRITICAL - 2024-10-22 06:08:26 --> CodeIgniter\View\Exceptions\ViewException: Invalid file: "dashboard/edit_user_form.php"
[Method: GET, Route: dashboard/edit_user/4]
in SYSTEMPATH\Exceptions\FrameworkException.php on line 41.
 1 SYSTEMPATH\View\View.php(222): CodeIgniter\Exceptions\FrameworkException::forInvalidFile('dashboard/edit_user_form.php')
 2 SYSTEMPATH\Common.php(1171): CodeIgniter\View\View->render('dashboard/edit_user_form', [], true)
 3 APPPATH\Controllers\UserManagement.php(61): view('dashboard/edit_user_form', [...])
 4 SYSTEMPATH\CodeIgniter.php(933): App\Controllers\UserManagement->edit('4')
 5 SYSTEMPATH\CodeIgniter.php(509): CodeIgniter\CodeIgniter->runController(Object(App\Controllers\UserManagement))
 6 SYSTEMPATH\CodeIgniter.php(355): CodeIgniter\CodeIgniter->handleRequest(null, Object(Config\Cache), false)
 7 SYSTEMPATH\Boot.php(325): CodeIgniter\CodeIgniter->run()
 8 SYSTEMPATH\Boot.php(67): CodeIgniter\Boot::runCodeIgniter(Object(CodeIgniter\CodeIgniter))
 9 FCPATH\index.php(56): CodeIgniter\Boot::bootWeb(Object(Config\Paths))
CRITICAL - 2024-10-22 06:08:26 --> CodeIgniter\View\Exceptions\ViewException: Invalid file: "dashboard/edit_user_form.php"
[Method: GET, Route: dashboard/edit_user/4]
in SYSTEMPATH\Exceptions\FrameworkException.php on line 41.
 1 SYSTEMPATH\View\View.php(222): CodeIgniter\Exceptions\FrameworkException::forInvalidFile('dashboard/edit_user_form.php')
 2 SYSTEMPATH\Common.php(1171): CodeIgniter\View\View->render('dashboard/edit_user_form', [], true)
 3 APPPATH\Controllers\UserManagement.php(61): view('dashboard/edit_user_form', [...])
 4 SYSTEMPATH\CodeIgniter.php(933): App\Controllers\UserManagement->edit('4')
 5 SYSTEMPATH\CodeIgniter.php(509): CodeIgniter\CodeIgniter->runController(Object(App\Controllers\UserManagement))
 6 SYSTEMPATH\CodeIgniter.php(355): CodeIgniter\CodeIgniter->handleRequest(null, Object(Config\Cache), false)
 7 SYSTEMPATH\Boot.php(325): CodeIgniter\CodeIgniter->run()
 8 SYSTEMPATH\Boot.php(67): CodeIgniter\Boot::runCodeIgniter(Object(CodeIgniter\CodeIgniter))
 9 FCPATH\index.php(56): CodeIgniter\Boot::bootWeb(Object(Config\Paths))
CRITICAL - 2024-10-22 06:08:40 --> CodeIgniter\View\Exceptions\ViewException: Invalid file: "dashboard/edit_user_form.php"
[Method: GET, Route: dashboard/edit_user/4]
in SYSTEMPATH\Exceptions\FrameworkException.php on line 41.
 1 SYSTEMPATH\View\View.php(222): CodeIgniter\Exceptions\FrameworkException::forInvalidFile('dashboard/edit_user_form.php')
 2 SYSTEMPATH\Common.php(1171): CodeIgniter\View\View->render('dashboard/edit_user_form', [], true)
 3 APPPATH\Controllers\UserManagement.php(61): view('dashboard/edit_user_form', [...])
 4 SYSTEMPATH\CodeIgniter.php(933): App\Controllers\UserManagement->edit('4')
 5 SYSTEMPATH\CodeIgniter.php(509): CodeIgniter\CodeIgniter->runController(Object(App\Controllers\UserManagement))
 6 SYSTEMPATH\CodeIgniter.php(355): CodeIgniter\CodeIgniter->handleRequest(null, Object(Config\Cache), false)
 7 SYSTEMPATH\Boot.php(325): CodeIgniter\CodeIgniter->run()
 8 SYSTEMPATH\Boot.php(67): CodeIgniter\Boot::runCodeIgniter(Object(CodeIgniter\CodeIgniter))
 9 FCPATH\index.php(56): CodeIgniter\Boot::bootWeb(Object(Config\Paths))
CRITICAL - 2024-10-22 06:09:10 --> ErrorException: Undefined variable $u
[Method: GET, Route: dashboard/edit_user/4]
in APPPATH\Views\dashboard\edit_user.php on line 9.
 1 APPPATH\Views\dashboard\edit_user.php(9): CodeIgniter\Debug\Exceptions->errorHandler(2, 'Undefined variable $u', 'C:\\xampp\\htdocs\\ci4\\app\\Views\\dashboard\\edit_user.php', 9)
 2 SYSTEMPATH\View\View.php(234): include('C:\\xampp\\htdocs\\ci4\\app\\Views\\dashboard\\edit_user.php')
 3 SYSTEMPATH\View\View.php(237): CodeIgniter\View\View->CodeIgniter\View\{closure}()
 4 SYSTEMPATH\Common.php(1171): CodeIgniter\View\View->render('dashboard/edit_user', [], true)
 5 APPPATH\Controllers\UserManagement.php(61): view('dashboard/edit_user', [...])
 6 SYSTEMPATH\CodeIgniter.php(933): App\Controllers\UserManagement->edit('4')
 7 SYSTEMPATH\CodeIgniter.php(509): CodeIgniter\CodeIgniter->runController(Object(App\Controllers\UserManagement))
 8 SYSTEMPATH\CodeIgniter.php(355): CodeIgniter\CodeIgniter->handleRequest(null, Object(Config\Cache), false)
 9 SYSTEMPATH\Boot.php(325): CodeIgniter\CodeIgniter->run()
10 SYSTEMPATH\Boot.php(67): CodeIgniter\Boot::runCodeIgniter(Object(CodeIgniter\CodeIgniter))
11 FCPATH\index.php(56): CodeIgniter\Boot::bootWeb(Object(Config\Paths))
CRITICAL - 2024-10-22 06:09:13 --> ErrorException: Undefined variable $u
[Method: GET, Route: dashboard/edit_user/4]
in APPPATH\Views\dashboard\edit_user.php on line 9.
 1 APPPATH\Views\dashboard\edit_user.php(9): CodeIgniter\Debug\Exceptions->errorHandler(2, 'Undefined variable $u', 'C:\\xampp\\htdocs\\ci4\\app\\Views\\dashboard\\edit_user.php', 9)
 2 SYSTEMPATH\View\View.php(234): include('C:\\xampp\\htdocs\\ci4\\app\\Views\\dashboard\\edit_user.php')
 3 SYSTEMPATH\View\View.php(237): CodeIgniter\View\View->CodeIgniter\View\{closure}()
 4 SYSTEMPATH\Common.php(1171): CodeIgniter\View\View->render('dashboard/edit_user', [], true)
 5 APPPATH\Controllers\UserManagement.php(61): view('dashboard/edit_user', [...])
 6 SYSTEMPATH\CodeIgniter.php(933): App\Controllers\UserManagement->edit('4')
 7 SYSTEMPATH\CodeIgniter.php(509): CodeIgniter\CodeIgniter->runController(Object(App\Controllers\UserManagement))
 8 SYSTEMPATH\CodeIgniter.php(355): CodeIgniter\CodeIgniter->handleRequest(null, Object(Config\Cache), false)
 9 SYSTEMPATH\Boot.php(325): CodeIgniter\CodeIgniter->run()
10 SYSTEMPATH\Boot.php(67): CodeIgniter\Boot::runCodeIgniter(Object(CodeIgniter\CodeIgniter))
11 FCPATH\index.php(56): CodeIgniter\Boot::bootWeb(Object(Config\Paths))
CRITICAL - 2024-10-22 06:16:04 --> ErrorException: Undefined variable $u
[Method: GET, Route: dashboard/edit_user/4]
in APPPATH\Views\dashboard\edit_user.php on line 9.
 1 APPPATH\Views\dashboard\edit_user.php(9): CodeIgniter\Debug\Exceptions->errorHandler(2, 'Undefined variable $u', 'C:\\xampp\\htdocs\\ci4\\app\\Views\\dashboard\\edit_user.php', 9)
 2 SYSTEMPATH\View\View.php(234): include('C:\\xampp\\htdocs\\ci4\\app\\Views\\dashboard\\edit_user.php')
 3 SYSTEMPATH\View\View.php(237): CodeIgniter\View\View->CodeIgniter\View\{closure}()
 4 SYSTEMPATH\Common.php(1171): CodeIgniter\View\View->render('/dashboard/edit_user', [], true)
 5 APPPATH\Controllers\UserManagement.php(61): view('/dashboard/edit_user', [...])
 6 SYSTEMPATH\CodeIgniter.php(933): App\Controllers\UserManagement->edit('4')
 7 SYSTEMPATH\CodeIgniter.php(509): CodeIgniter\CodeIgniter->runController(Object(App\Controllers\UserManagement))
 8 SYSTEMPATH\CodeIgniter.php(355): CodeIgniter\CodeIgniter->handleRequest(null, Object(Config\Cache), false)
 9 SYSTEMPATH\Boot.php(325): CodeIgniter\CodeIgniter->run()
10 SYSTEMPATH\Boot.php(67): CodeIgniter\Boot::runCodeIgniter(Object(CodeIgniter\CodeIgniter))
11 FCPATH\index.php(56): CodeIgniter\Boot::bootWeb(Object(Config\Paths))
CRITICAL - 2024-10-22 06:16:08 --> ErrorException: Undefined variable $u
[Method: GET, Route: dashboard/edit_user/4]
in APPPATH\Views\dashboard\edit_user.php on line 9.
 1 APPPATH\Views\dashboard\edit_user.php(9): CodeIgniter\Debug\Exceptions->errorHandler(2, 'Undefined variable $u', 'C:\\xampp\\htdocs\\ci4\\app\\Views\\dashboard\\edit_user.php', 9)
 2 SYSTEMPATH\View\View.php(234): include('C:\\xampp\\htdocs\\ci4\\app\\Views\\dashboard\\edit_user.php')
 3 SYSTEMPATH\View\View.php(237): CodeIgniter\View\View->CodeIgniter\View\{closure}()
 4 SYSTEMPATH\Common.php(1171): CodeIgniter\View\View->render('/dashboard/edit_user', [], true)
 5 APPPATH\Controllers\UserManagement.php(61): view('/dashboard/edit_user', [...])
 6 SYSTEMPATH\CodeIgniter.php(933): App\Controllers\UserManagement->edit('4')
 7 SYSTEMPATH\CodeIgniter.php(509): CodeIgniter\CodeIgniter->runController(Object(App\Controllers\UserManagement))
 8 SYSTEMPATH\CodeIgniter.php(355): CodeIgniter\CodeIgniter->handleRequest(null, Object(Config\Cache), false)
 9 SYSTEMPATH\Boot.php(325): CodeIgniter\CodeIgniter->run()
10 SYSTEMPATH\Boot.php(67): CodeIgniter\Boot::runCodeIgniter(Object(CodeIgniter\CodeIgniter))
11 FCPATH\index.php(56): CodeIgniter\Boot::bootWeb(Object(Config\Paths))
CRITICAL - 2024-10-22 06:23:43 --> ErrorException: Undefined variable $u
[Method: GET, Route: dashboard/edit_user/4]
in APPPATH\Views\dashboard\edit_user.php on line 9.
 1 APPPATH\Views\dashboard\edit_user.php(9): CodeIgniter\Debug\Exceptions->errorHandler(2, 'Undefined variable $u', 'C:\\xampp\\htdocs\\ci4\\app\\Views\\dashboard\\edit_user.php', 9)
 2 SYSTEMPATH\View\View.php(234): include('C:\\xampp\\htdocs\\ci4\\app\\Views\\dashboard\\edit_user.php')
 3 SYSTEMPATH\View\View.php(237): CodeIgniter\View\View->CodeIgniter\View\{closure}()
 4 SYSTEMPATH\Common.php(1171): CodeIgniter\View\View->render('dashboard/edit_user', [], true)
 5 APPPATH\Controllers\UserManagement.php(61): view('dashboard/edit_user', [...])
 6 SYSTEMPATH\CodeIgniter.php(933): App\Controllers\UserManagement->edit('4')
 7 SYSTEMPATH\CodeIgniter.php(509): CodeIgniter\CodeIgniter->runController(Object(App\Controllers\UserManagement))
 8 SYSTEMPATH\CodeIgniter.php(355): CodeIgniter\CodeIgniter->handleRequest(null, Object(Config\Cache), false)
 9 SYSTEMPATH\Boot.php(325): CodeIgniter\CodeIgniter->run()
10 SYSTEMPATH\Boot.php(67): CodeIgniter\Boot::runCodeIgniter(Object(CodeIgniter\CodeIgniter))
11 FCPATH\index.php(56): CodeIgniter\Boot::bootWeb(Object(Config\Paths))
CRITICAL - 2024-10-22 06:23:46 --> ErrorException: Undefined variable $u
[Method: GET, Route: dashboard/edit_user/4]
in APPPATH\Views\dashboard\edit_user.php on line 9.
 1 APPPATH\Views\dashboard\edit_user.php(9): CodeIgniter\Debug\Exceptions->errorHandler(2, 'Undefined variable $u', 'C:\\xampp\\htdocs\\ci4\\app\\Views\\dashboard\\edit_user.php', 9)
 2 SYSTEMPATH\View\View.php(234): include('C:\\xampp\\htdocs\\ci4\\app\\Views\\dashboard\\edit_user.php')
 3 SYSTEMPATH\View\View.php(237): CodeIgniter\View\View->CodeIgniter\View\{closure}()
 4 SYSTEMPATH\Common.php(1171): CodeIgniter\View\View->render('dashboard/edit_user', [], true)
 5 APPPATH\Controllers\UserManagement.php(61): view('dashboard/edit_user', [...])
 6 SYSTEMPATH\CodeIgniter.php(933): App\Controllers\UserManagement->edit('4')
 7 SYSTEMPATH\CodeIgniter.php(509): CodeIgniter\CodeIgniter->runController(Object(App\Controllers\UserManagement))
 8 SYSTEMPATH\CodeIgniter.php(355): CodeIgniter\CodeIgniter->handleRequest(null, Object(Config\Cache), false)
 9 SYSTEMPATH\Boot.php(325): CodeIgniter\CodeIgniter->run()
10 SYSTEMPATH\Boot.php(67): CodeIgniter\Boot::runCodeIgniter(Object(CodeIgniter\CodeIgniter))
11 FCPATH\index.php(56): CodeIgniter\Boot::bootWeb(Object(Config\Paths))
CRITICAL - 2024-10-22 08:55:43 --> ErrorException: Undefined variable $u
[Method: GET, Route: dashboard/edit_user/1]
in APPPATH\Views\dashboard\edit_user.php on line 10.
 1 APPPATH\Views\dashboard\edit_user.php(10): CodeIgniter\Debug\Exceptions->errorHandler(2, 'Undefined variable $u', 'C:\\xampp\\htdocs\\ci4\\app\\Views\\dashboard\\edit_user.php', 10)
 2 SYSTEMPATH\View\View.php(234): include('C:\\xampp\\htdocs\\ci4\\app\\Views\\dashboard\\edit_user.php')
 3 SYSTEMPATH\View\View.php(237): CodeIgniter\View\View->CodeIgniter\View\{closure}()
 4 SYSTEMPATH\Common.php(1171): CodeIgniter\View\View->render('dashboard/edit_user', [], true)
 5 APPPATH\Controllers\UserManagement.php(61): view('dashboard/edit_user', [...])
 6 SYSTEMPATH\CodeIgniter.php(933): App\Controllers\UserManagement->edit('1')
 7 SYSTEMPATH\CodeIgniter.php(509): CodeIgniter\CodeIgniter->runController(Object(App\Controllers\UserManagement))
 8 SYSTEMPATH\CodeIgniter.php(355): CodeIgniter\CodeIgniter->handleRequest(null, Object(Config\Cache), false)
 9 SYSTEMPATH\Boot.php(325): CodeIgniter\CodeIgniter->run()
10 SYSTEMPATH\Boot.php(67): CodeIgniter\Boot::runCodeIgniter(Object(CodeIgniter\CodeIgniter))
11 FCPATH\index.php(56): CodeIgniter\Boot::bootWeb(Object(Config\Paths))
CRITICAL - 2024-10-22 08:57:14 --> ErrorException: Undefined variable $u
[Method: GET, Route: dashboard/edit_user/1]
in APPPATH\Views\dashboard\edit_user.php on line 14.
 1 APPPATH\Views\dashboard\edit_user.php(14): CodeIgniter\Debug\Exceptions->errorHandler(2, 'Undefined variable $u', 'C:\\xampp\\htdocs\\ci4\\app\\Views\\dashboard\\edit_user.php', 14)
 2 SYSTEMPATH\View\View.php(234): include('C:\\xampp\\htdocs\\ci4\\app\\Views\\dashboard\\edit_user.php')
 3 SYSTEMPATH\View\View.php(237): CodeIgniter\View\View->CodeIgniter\View\{closure}()
 4 SYSTEMPATH\Common.php(1171): CodeIgniter\View\View->render('dashboard/edit_user', [], true)
 5 APPPATH\Controllers\UserManagement.php(61): view('dashboard/edit_user', [...])
 6 SYSTEMPATH\CodeIgniter.php(933): App\Controllers\UserManagement->edit('1')
 7 SYSTEMPATH\CodeIgniter.php(509): CodeIgniter\CodeIgniter->runController(Object(App\Controllers\UserManagement))
 8 SYSTEMPATH\CodeIgniter.php(355): CodeIgniter\CodeIgniter->handleRequest(null, Object(Config\Cache), false)
 9 SYSTEMPATH\Boot.php(325): CodeIgniter\CodeIgniter->run()
10 SYSTEMPATH\Boot.php(67): CodeIgniter\Boot::runCodeIgniter(Object(CodeIgniter\CodeIgniter))
11 FCPATH\index.php(56): CodeIgniter\Boot::bootWeb(Object(Config\Paths))
CRITICAL - 2024-10-22 08:57:41 --> ErrorException: Undefined variable $u
[Method: GET, Route: dashboard/edit_user/1]
in APPPATH\Views\dashboard\edit_user.php on line 10.
 1 APPPATH\Views\dashboard\edit_user.php(10): CodeIgniter\Debug\Exceptions->errorHandler(2, 'Undefined variable $u', 'C:\\xampp\\htdocs\\ci4\\app\\Views\\dashboard\\edit_user.php', 10)
 2 SYSTEMPATH\View\View.php(234): include('C:\\xampp\\htdocs\\ci4\\app\\Views\\dashboard\\edit_user.php')
 3 SYSTEMPATH\View\View.php(237): CodeIgniter\View\View->CodeIgniter\View\{closure}()
 4 SYSTEMPATH\Common.php(1171): CodeIgniter\View\View->render('dashboard/edit_user', [], true)
 5 APPPATH\Controllers\UserManagement.php(61): view('dashboard/edit_user', [...])
 6 SYSTEMPATH\CodeIgniter.php(933): App\Controllers\UserManagement->edit('1')
 7 SYSTEMPATH\CodeIgniter.php(509): CodeIgniter\CodeIgniter->runController(Object(App\Controllers\UserManagement))
 8 SYSTEMPATH\CodeIgniter.php(355): CodeIgniter\CodeIgniter->handleRequest(null, Object(Config\Cache), false)
 9 SYSTEMPATH\Boot.php(325): CodeIgniter\CodeIgniter->run()
10 SYSTEMPATH\Boot.php(67): CodeIgniter\Boot::runCodeIgniter(Object(CodeIgniter\CodeIgniter))
11 FCPATH\index.php(56): CodeIgniter\Boot::bootWeb(Object(Config\Paths))
CRITICAL - 2024-10-22 08:57:41 --> ErrorException: Undefined variable $u
[Method: GET, Route: dashboard/edit_user/1]
in APPPATH\Views\dashboard\edit_user.php on line 10.
 1 APPPATH\Views\dashboard\edit_user.php(10): CodeIgniter\Debug\Exceptions->errorHandler(2, 'Undefined variable $u', 'C:\\xampp\\htdocs\\ci4\\app\\Views\\dashboard\\edit_user.php', 10)
 2 SYSTEMPATH\View\View.php(234): include('C:\\xampp\\htdocs\\ci4\\app\\Views\\dashboard\\edit_user.php')
 3 SYSTEMPATH\View\View.php(237): CodeIgniter\View\View->CodeIgniter\View\{closure}()
 4 SYSTEMPATH\Common.php(1171): CodeIgniter\View\View->render('dashboard/edit_user', [], true)
 5 APPPATH\Controllers\UserManagement.php(61): view('dashboard/edit_user', [...])
 6 SYSTEMPATH\CodeIgniter.php(933): App\Controllers\UserManagement->edit('1')
 7 SYSTEMPATH\CodeIgniter.php(509): CodeIgniter\CodeIgniter->runController(Object(App\Controllers\UserManagement))
 8 SYSTEMPATH\CodeIgniter.php(355): CodeIgniter\CodeIgniter->handleRequest(null, Object(Config\Cache), false)
 9 SYSTEMPATH\Boot.php(325): CodeIgniter\CodeIgniter->run()
10 SYSTEMPATH\Boot.php(67): CodeIgniter\Boot::runCodeIgniter(Object(CodeIgniter\CodeIgniter))
11 FCPATH\index.php(56): CodeIgniter\Boot::bootWeb(Object(Config\Paths))
CRITICAL - 2024-10-22 08:57:44 --> ErrorException: Undefined variable $u
[Method: GET, Route: dashboard/edit_user/1]
in APPPATH\Views\dashboard\edit_user.php on line 10.
 1 APPPATH\Views\dashboard\edit_user.php(10): CodeIgniter\Debug\Exceptions->errorHandler(2, 'Undefined variable $u', 'C:\\xampp\\htdocs\\ci4\\app\\Views\\dashboard\\edit_user.php', 10)
 2 SYSTEMPATH\View\View.php(234): include('C:\\xampp\\htdocs\\ci4\\app\\Views\\dashboard\\edit_user.php')
 3 SYSTEMPATH\View\View.php(237): CodeIgniter\View\View->CodeIgniter\View\{closure}()
 4 SYSTEMPATH\Common.php(1171): CodeIgniter\View\View->render('dashboard/edit_user', [], true)
 5 APPPATH\Controllers\UserManagement.php(61): view('dashboard/edit_user', [...])
 6 SYSTEMPATH\CodeIgniter.php(933): App\Controllers\UserManagement->edit('1')
 7 SYSTEMPATH\CodeIgniter.php(509): CodeIgniter\CodeIgniter->runController(Object(App\Controllers\UserManagement))
 8 SYSTEMPATH\CodeIgniter.php(355): CodeIgniter\CodeIgniter->handleRequest(null, Object(Config\Cache), false)
 9 SYSTEMPATH\Boot.php(325): CodeIgniter\CodeIgniter->run()
10 SYSTEMPATH\Boot.php(67): CodeIgniter\Boot::runCodeIgniter(Object(CodeIgniter\CodeIgniter))
11 FCPATH\index.php(56): CodeIgniter\Boot::bootWeb(Object(Config\Paths))
CRITICAL - 2024-10-22 08:58:26 --> ErrorException: Undefined variable $u
[Method: GET, Route: dashboard/edit_user/1]
in APPPATH\Views\dashboard\edit_user.php on line 10.
 1 APPPATH\Views\dashboard\edit_user.php(10): CodeIgniter\Debug\Exceptions->errorHandler(2, 'Undefined variable $u', 'C:\\xampp\\htdocs\\ci4\\app\\Views\\dashboard\\edit_user.php', 10)
 2 SYSTEMPATH\View\View.php(234): include('C:\\xampp\\htdocs\\ci4\\app\\Views\\dashboard\\edit_user.php')
 3 SYSTEMPATH\View\View.php(237): CodeIgniter\View\View->CodeIgniter\View\{closure}()
 4 SYSTEMPATH\Common.php(1171): CodeIgniter\View\View->render('dashboard/edit_user', [], true)
 5 APPPATH\Controllers\UserManagement.php(61): view('dashboard/edit_user', [...])
 6 SYSTEMPATH\CodeIgniter.php(933): App\Controllers\UserManagement->edit('1')
 7 SYSTEMPATH\CodeIgniter.php(509): CodeIgniter\CodeIgniter->runController(Object(App\Controllers\UserManagement))
 8 SYSTEMPATH\CodeIgniter.php(355): CodeIgniter\CodeIgniter->handleRequest(null, Object(Config\Cache), false)
 9 SYSTEMPATH\Boot.php(325): CodeIgniter\CodeIgniter->run()
10 SYSTEMPATH\Boot.php(67): CodeIgniter\Boot::runCodeIgniter(Object(CodeIgniter\CodeIgniter))
11 FCPATH\index.php(56): CodeIgniter\Boot::bootWeb(Object(Config\Paths))
CRITICAL - 2024-10-22 08:58:29 --> ErrorException: Undefined variable $u
[Method: GET, Route: dashboard/edit_user/1]
in APPPATH\Views\dashboard\edit_user.php on line 10.
 1 APPPATH\Views\dashboard\edit_user.php(10): CodeIgniter\Debug\Exceptions->errorHandler(2, 'Undefined variable $u', 'C:\\xampp\\htdocs\\ci4\\app\\Views\\dashboard\\edit_user.php', 10)
 2 SYSTEMPATH\View\View.php(234): include('C:\\xampp\\htdocs\\ci4\\app\\Views\\dashboard\\edit_user.php')
 3 SYSTEMPATH\View\View.php(237): CodeIgniter\View\View->CodeIgniter\View\{closure}()
 4 SYSTEMPATH\Common.php(1171): CodeIgniter\View\View->render('dashboard/edit_user', [], true)
 5 APPPATH\Controllers\UserManagement.php(61): view('dashboard/edit_user', [...])
 6 SYSTEMPATH\CodeIgniter.php(933): App\Controllers\UserManagement->edit('1')
 7 SYSTEMPATH\CodeIgniter.php(509): CodeIgniter\CodeIgniter->runController(Object(App\Controllers\UserManagement))
 8 SYSTEMPATH\CodeIgniter.php(355): CodeIgniter\CodeIgniter->handleRequest(null, Object(Config\Cache), false)
 9 SYSTEMPATH\Boot.php(325): CodeIgniter\CodeIgniter->run()
10 SYSTEMPATH\Boot.php(67): CodeIgniter\Boot::runCodeIgniter(Object(CodeIgniter\CodeIgniter))
11 FCPATH\index.php(56): CodeIgniter\Boot::bootWeb(Object(Config\Paths))
CRITICAL - 2024-10-22 08:58:38 --> ErrorException: Undefined variable $u
[Method: GET, Route: dashboard/edit_user/1]
in APPPATH\Views\dashboard\edit_user.php on line 10.
 1 APPPATH\Views\dashboard\edit_user.php(10): CodeIgniter\Debug\Exceptions->errorHandler(2, 'Undefined variable $u', 'C:\\xampp\\htdocs\\ci4\\app\\Views\\dashboard\\edit_user.php', 10)
 2 SYSTEMPATH\View\View.php(234): include('C:\\xampp\\htdocs\\ci4\\app\\Views\\dashboard\\edit_user.php')
 3 SYSTEMPATH\View\View.php(237): CodeIgniter\View\View->CodeIgniter\View\{closure}()
 4 SYSTEMPATH\Common.php(1171): CodeIgniter\View\View->render('dashboard/edit_user', [], true)
 5 APPPATH\Controllers\UserManagement.php(61): view('dashboard/edit_user', [...])
 6 SYSTEMPATH\CodeIgniter.php(933): App\Controllers\UserManagement->edit('1')
 7 SYSTEMPATH\CodeIgniter.php(509): CodeIgniter\CodeIgniter->runController(Object(App\Controllers\UserManagement))
 8 SYSTEMPATH\CodeIgniter.php(355): CodeIgniter\CodeIgniter->handleRequest(null, Object(Config\Cache), false)
 9 SYSTEMPATH\Boot.php(325): CodeIgniter\CodeIgniter->run()
10 SYSTEMPATH\Boot.php(67): CodeIgniter\Boot::runCodeIgniter(Object(CodeIgniter\CodeIgniter))
11 FCPATH\index.php(56): CodeIgniter\Boot::bootWeb(Object(Config\Paths))
CRITICAL - 2024-10-22 08:58:39 --> ErrorException: Undefined variable $u
[Method: GET, Route: dashboard/edit_user/1]
in APPPATH\Views\dashboard\edit_user.php on line 10.
 1 APPPATH\Views\dashboard\edit_user.php(10): CodeIgniter\Debug\Exceptions->errorHandler(2, 'Undefined variable $u', 'C:\\xampp\\htdocs\\ci4\\app\\Views\\dashboard\\edit_user.php', 10)
 2 SYSTEMPATH\View\View.php(234): include('C:\\xampp\\htdocs\\ci4\\app\\Views\\dashboard\\edit_user.php')
 3 SYSTEMPATH\View\View.php(237): CodeIgniter\View\View->CodeIgniter\View\{closure}()
 4 SYSTEMPATH\Common.php(1171): CodeIgniter\View\View->render('dashboard/edit_user', [], true)
 5 APPPATH\Controllers\UserManagement.php(61): view('dashboard/edit_user', [...])
 6 SYSTEMPATH\CodeIgniter.php(933): App\Controllers\UserManagement->edit('1')
 7 SYSTEMPATH\CodeIgniter.php(509): CodeIgniter\CodeIgniter->runController(Object(App\Controllers\UserManagement))
 8 SYSTEMPATH\CodeIgniter.php(355): CodeIgniter\CodeIgniter->handleRequest(null, Object(Config\Cache), false)
 9 SYSTEMPATH\Boot.php(325): CodeIgniter\CodeIgniter->run()
10 SYSTEMPATH\Boot.php(67): CodeIgniter\Boot::runCodeIgniter(Object(CodeIgniter\CodeIgniter))
11 FCPATH\index.php(56): CodeIgniter\Boot::bootWeb(Object(Config\Paths))
CRITICAL - 2024-10-22 08:58:41 --> ErrorException: Undefined variable $u
[Method: GET, Route: dashboard/edit_user/1]
in APPPATH\Views\dashboard\edit_user.php on line 10.
 1 APPPATH\Views\dashboard\edit_user.php(10): CodeIgniter\Debug\Exceptions->errorHandler(2, 'Undefined variable $u', 'C:\\xampp\\htdocs\\ci4\\app\\Views\\dashboard\\edit_user.php', 10)
 2 SYSTEMPATH\View\View.php(234): include('C:\\xampp\\htdocs\\ci4\\app\\Views\\dashboard\\edit_user.php')
 3 SYSTEMPATH\View\View.php(237): CodeIgniter\View\View->CodeIgniter\View\{closure}()
 4 SYSTEMPATH\Common.php(1171): CodeIgniter\View\View->render('dashboard/edit_user', [], true)
 5 APPPATH\Controllers\UserManagement.php(61): view('dashboard/edit_user', [...])
 6 SYSTEMPATH\CodeIgniter.php(933): App\Controllers\UserManagement->edit('1')
 7 SYSTEMPATH\CodeIgniter.php(509): CodeIgniter\CodeIgniter->runController(Object(App\Controllers\UserManagement))
 8 SYSTEMPATH\CodeIgniter.php(355): CodeIgniter\CodeIgniter->handleRequest(null, Object(Config\Cache), false)
 9 SYSTEMPATH\Boot.php(325): CodeIgniter\CodeIgniter->run()
10 SYSTEMPATH\Boot.php(67): CodeIgniter\Boot::runCodeIgniter(Object(CodeIgniter\CodeIgniter))
11 FCPATH\index.php(56): CodeIgniter\Boot::bootWeb(Object(Config\Paths))
CRITICAL - 2024-10-22 09:07:16 --> ErrorException: Undefined variable $u
[Method: GET, Route: dashboard/edit_user/1]
in APPPATH\Views\dashboard\edit_user.php on line 10.
 1 APPPATH\Views\dashboard\edit_user.php(10): CodeIgniter\Debug\Exceptions->errorHandler(2, 'Undefined variable $u', 'C:\\xampp\\htdocs\\ci4\\app\\Views\\dashboard\\edit_user.php', 10)
 2 SYSTEMPATH\View\View.php(234): include('C:\\xampp\\htdocs\\ci4\\app\\Views\\dashboard\\edit_user.php')
 3 SYSTEMPATH\View\View.php(237): CodeIgniter\View\View->CodeIgniter\View\{closure}()
 4 SYSTEMPATH\Common.php(1171): CodeIgniter\View\View->render('dashboard/edit_user', [], true)
 5 APPPATH\Controllers\UserManagement.php(61): view('dashboard/edit_user', [...])
 6 SYSTEMPATH\CodeIgniter.php(933): App\Controllers\UserManagement->edit('1')
 7 SYSTEMPATH\CodeIgniter.php(509): CodeIgniter\CodeIgniter->runController(Object(App\Controllers\UserManagement))
 8 SYSTEMPATH\CodeIgniter.php(355): CodeIgniter\CodeIgniter->handleRequest(null, Object(Config\Cache), false)
 9 SYSTEMPATH\Boot.php(325): CodeIgniter\CodeIgniter->run()
10 SYSTEMPATH\Boot.php(67): CodeIgniter\Boot::runCodeIgniter(Object(CodeIgniter\CodeIgniter))
11 FCPATH\index.php(56): CodeIgniter\Boot::bootWeb(Object(Config\Paths))
CRITICAL - 2024-10-22 09:08:25 --> ErrorException: Undefined variable $u
[Method: GET, Route: dashboard/edit_user/1]
in APPPATH\Views\dashboard\edit_user.php on line 10.
 1 APPPATH\Views\dashboard\edit_user.php(10): CodeIgniter\Debug\Exceptions->errorHandler(2, 'Undefined variable $u', 'C:\\xampp\\htdocs\\ci4\\app\\Views\\dashboard\\edit_user.php', 10)
 2 SYSTEMPATH\View\View.php(234): include('C:\\xampp\\htdocs\\ci4\\app\\Views\\dashboard\\edit_user.php')
 3 SYSTEMPATH\View\View.php(237): CodeIgniter\View\View->CodeIgniter\View\{closure}()
 4 SYSTEMPATH\Common.php(1171): CodeIgniter\View\View->render('dashboard/edit_user', [], true)
 5 APPPATH\Controllers\UserManagement.php(61): view('dashboard/edit_user', [...])
 6 SYSTEMPATH\CodeIgniter.php(933): App\Controllers\UserManagement->edit('1')
 7 SYSTEMPATH\CodeIgniter.php(509): CodeIgniter\CodeIgniter->runController(Object(App\Controllers\UserManagement))
 8 SYSTEMPATH\CodeIgniter.php(355): CodeIgniter\CodeIgniter->handleRequest(null, Object(Config\Cache), false)
 9 SYSTEMPATH\Boot.php(325): CodeIgniter\CodeIgniter->run()
10 SYSTEMPATH\Boot.php(67): CodeIgniter\Boot::runCodeIgniter(Object(CodeIgniter\CodeIgniter))
11 FCPATH\index.php(56): CodeIgniter\Boot::bootWeb(Object(Config\Paths))
CRITICAL - 2024-10-22 09:08:29 --> ErrorException: Undefined variable $u
[Method: GET, Route: dashboard/edit_user/1]
in APPPATH\Views\dashboard\edit_user.php on line 10.
 1 APPPATH\Views\dashboard\edit_user.php(10): CodeIgniter\Debug\Exceptions->errorHandler(2, 'Undefined variable $u', 'C:\\xampp\\htdocs\\ci4\\app\\Views\\dashboard\\edit_user.php', 10)
 2 SYSTEMPATH\View\View.php(234): include('C:\\xampp\\htdocs\\ci4\\app\\Views\\dashboard\\edit_user.php')
 3 SYSTEMPATH\View\View.php(237): CodeIgniter\View\View->CodeIgniter\View\{closure}()
 4 SYSTEMPATH\Common.php(1171): CodeIgniter\View\View->render('dashboard/edit_user', [], true)
 5 APPPATH\Controllers\UserManagement.php(61): view('dashboard/edit_user', [...])
 6 SYSTEMPATH\CodeIgniter.php(933): App\Controllers\UserManagement->edit('1')
 7 SYSTEMPATH\CodeIgniter.php(509): CodeIgniter\CodeIgniter->runController(Object(App\Controllers\UserManagement))
 8 SYSTEMPATH\CodeIgniter.php(355): CodeIgniter\CodeIgniter->handleRequest(null, Object(Config\Cache), false)
 9 SYSTEMPATH\Boot.php(325): CodeIgniter\CodeIgniter->run()
10 SYSTEMPATH\Boot.php(67): CodeIgniter\Boot::runCodeIgniter(Object(CodeIgniter\CodeIgniter))
11 FCPATH\index.php(56): CodeIgniter\Boot::bootWeb(Object(Config\Paths))
CRITICAL - 2024-10-22 09:15:14 --> ErrorException: Undefined variable $u
[Method: GET, Route: dashboard/edit_user/1]
in APPPATH\Views\dashboard\edit_user.php on line 10.
 1 APPPATH\Views\dashboard\edit_user.php(10): CodeIgniter\Debug\Exceptions->errorHandler(2, 'Undefined variable $u', 'C:\\xampp\\htdocs\\ci4\\app\\Views\\dashboard\\edit_user.php', 10)
 2 SYSTEMPATH\View\View.php(234): include('C:\\xampp\\htdocs\\ci4\\app\\Views\\dashboard\\edit_user.php')
 3 SYSTEMPATH\View\View.php(237): CodeIgniter\View\View->CodeIgniter\View\{closure}()
 4 SYSTEMPATH\Common.php(1171): CodeIgniter\View\View->render('dashboard/edit_user', [], true)
 5 APPPATH\Controllers\UserManagement.php(61): view('dashboard/edit_user', [...])
 6 SYSTEMPATH\CodeIgniter.php(933): App\Controllers\UserManagement->edit('1')
 7 SYSTEMPATH\CodeIgniter.php(509): CodeIgniter\CodeIgniter->runController(Object(App\Controllers\UserManagement))
 8 SYSTEMPATH\CodeIgniter.php(355): CodeIgniter\CodeIgniter->handleRequest(null, Object(Config\Cache), false)
 9 SYSTEMPATH\Boot.php(325): CodeIgniter\CodeIgniter->run()
10 SYSTEMPATH\Boot.php(67): CodeIgniter\Boot::runCodeIgniter(Object(CodeIgniter\CodeIgniter))
11 FCPATH\index.php(56): CodeIgniter\Boot::bootWeb(Object(Config\Paths))
CRITICAL - 2024-10-22 09:15:15 --> ErrorException: Undefined variable $u
[Method: GET, Route: dashboard/edit_user/1]
in APPPATH\Views\dashboard\edit_user.php on line 10.
 1 APPPATH\Views\dashboard\edit_user.php(10): CodeIgniter\Debug\Exceptions->errorHandler(2, 'Undefined variable $u', 'C:\\xampp\\htdocs\\ci4\\app\\Views\\dashboard\\edit_user.php', 10)
 2 SYSTEMPATH\View\View.php(234): include('C:\\xampp\\htdocs\\ci4\\app\\Views\\dashboard\\edit_user.php')
 3 SYSTEMPATH\View\View.php(237): CodeIgniter\View\View->CodeIgniter\View\{closure}()
 4 SYSTEMPATH\Common.php(1171): CodeIgniter\View\View->render('dashboard/edit_user', [], true)
 5 APPPATH\Controllers\UserManagement.php(61): view('dashboard/edit_user', [...])
 6 SYSTEMPATH\CodeIgniter.php(933): App\Controllers\UserManagement->edit('1')
 7 SYSTEMPATH\CodeIgniter.php(509): CodeIgniter\CodeIgniter->runController(Object(App\Controllers\UserManagement))
 8 SYSTEMPATH\CodeIgniter.php(355): CodeIgniter\CodeIgniter->handleRequest(null, Object(Config\Cache), false)
 9 SYSTEMPATH\Boot.php(325): CodeIgniter\CodeIgniter->run()
10 SYSTEMPATH\Boot.php(67): CodeIgniter\Boot::runCodeIgniter(Object(CodeIgniter\CodeIgniter))
11 FCPATH\index.php(56): CodeIgniter\Boot::bootWeb(Object(Config\Paths))
CRITICAL - 2024-10-22 09:15:26 --> ErrorException: Undefined variable $u
[Method: GET, Route: dashboard/edit_user/1]
in APPPATH\Views\dashboard\edit_user.php on line 10.
 1 APPPATH\Views\dashboard\edit_user.php(10): CodeIgniter\Debug\Exceptions->errorHandler(2, 'Undefined variable $u', 'C:\\xampp\\htdocs\\ci4\\app\\Views\\dashboard\\edit_user.php', 10)
 2 SYSTEMPATH\View\View.php(234): include('C:\\xampp\\htdocs\\ci4\\app\\Views\\dashboard\\edit_user.php')
 3 SYSTEMPATH\View\View.php(237): CodeIgniter\View\View->CodeIgniter\View\{closure}()
 4 SYSTEMPATH\Common.php(1171): CodeIgniter\View\View->render('dashboard/edit_user', [], true)
 5 APPPATH\Controllers\UserManagement.php(61): view('dashboard/edit_user', [...])
 6 SYSTEMPATH\CodeIgniter.php(933): App\Controllers\UserManagement->edit('1')
 7 SYSTEMPATH\CodeIgniter.php(509): CodeIgniter\CodeIgniter->runController(Object(App\Controllers\UserManagement))
 8 SYSTEMPATH\CodeIgniter.php(355): CodeIgniter\CodeIgniter->handleRequest(null, Object(Config\Cache), false)
 9 SYSTEMPATH\Boot.php(325): CodeIgniter\CodeIgniter->run()
10 SYSTEMPATH\Boot.php(67): CodeIgniter\Boot::runCodeIgniter(Object(CodeIgniter\CodeIgniter))
11 FCPATH\index.php(56): CodeIgniter\Boot::bootWeb(Object(Config\Paths))
CRITICAL - 2024-10-22 09:18:43 --> ErrorException: Undefined variable $u
[Method: GET, Route: dashboard/edit_user/4]
in APPPATH\Views\dashboard\edit_user.php on line 10.
 1 APPPATH\Views\dashboard\edit_user.php(10): CodeIgniter\Debug\Exceptions->errorHandler(2, 'Undefined variable $u', 'C:\\xampp\\htdocs\\ci4\\app\\Views\\dashboard\\edit_user.php', 10)
 2 SYSTEMPATH\View\View.php(234): include('C:\\xampp\\htdocs\\ci4\\app\\Views\\dashboard\\edit_user.php')
 3 SYSTEMPATH\View\View.php(237): CodeIgniter\View\View->CodeIgniter\View\{closure}()
 4 SYSTEMPATH\Common.php(1171): CodeIgniter\View\View->render('dashboard/edit_user', [], true)
 5 APPPATH\Controllers\UserManagement.php(61): view('dashboard/edit_user', [...])
 6 SYSTEMPATH\CodeIgniter.php(933): App\Controllers\UserManagement->edit('4')
 7 SYSTEMPATH\CodeIgniter.php(509): CodeIgniter\CodeIgniter->runController(Object(App\Controllers\UserManagement))
 8 SYSTEMPATH\CodeIgniter.php(355): CodeIgniter\CodeIgniter->handleRequest(null, Object(Config\Cache), false)
 9 SYSTEMPATH\Boot.php(325): CodeIgniter\CodeIgniter->run()
10 SYSTEMPATH\Boot.php(67): CodeIgniter\Boot::runCodeIgniter(Object(CodeIgniter\CodeIgniter))
11 FCPATH\index.php(56): CodeIgniter\Boot::bootWeb(Object(Config\Paths))
CRITICAL - 2024-10-22 09:22:29 --> ErrorException: Undefined variable $u
[Method: GET, Route: dashboard/edit_user/1]
in APPPATH\Views\dashboard\edit_user.php on line 10.
 1 APPPATH\Views\dashboard\edit_user.php(10): CodeIgniter\Debug\Exceptions->errorHandler(2, 'Undefined variable $u', 'C:\\xampp\\htdocs\\ci4\\app\\Views\\dashboard\\edit_user.php', 10)
 2 SYSTEMPATH\View\View.php(234): include('C:\\xampp\\htdocs\\ci4\\app\\Views\\dashboard\\edit_user.php')
 3 SYSTEMPATH\View\View.php(237): CodeIgniter\View\View->CodeIgniter\View\{closure}()
 4 SYSTEMPATH\Common.php(1171): CodeIgniter\View\View->render('dashboard/edit_user', [], true)
 5 APPPATH\Controllers\UserManagement.php(61): view('dashboard/edit_user', [...])
 6 SYSTEMPATH\CodeIgniter.php(933): App\Controllers\UserManagement->edit('1')
 7 SYSTEMPATH\CodeIgniter.php(509): CodeIgniter\CodeIgniter->runController(Object(App\Controllers\UserManagement))
 8 SYSTEMPATH\CodeIgniter.php(355): CodeIgniter\CodeIgniter->handleRequest(null, Object(Config\Cache), false)
 9 SYSTEMPATH\Boot.php(325): CodeIgniter\CodeIgniter->run()
10 SYSTEMPATH\Boot.php(67): CodeIgniter\Boot::runCodeIgniter(Object(CodeIgniter\CodeIgniter))
11 FCPATH\index.php(56): CodeIgniter\Boot::bootWeb(Object(Config\Paths))
CRITICAL - 2024-10-22 10:05:04 --> ErrorException: Undefined variable $u
[Method: GET, Route: dashboard/edit_user/1]
in APPPATH\Views\dashboard\edit_user.php on line 10.
 1 APPPATH\Views\dashboard\edit_user.php(10): CodeIgniter\Debug\Exceptions->errorHandler(2, 'Undefined variable $u', 'C:\\xampp\\htdocs\\ci4\\app\\Views\\dashboard\\edit_user.php', 10)
 2 SYSTEMPATH\View\View.php(234): include('C:\\xampp\\htdocs\\ci4\\app\\Views\\dashboard\\edit_user.php')
 3 SYSTEMPATH\View\View.php(237): CodeIgniter\View\View->CodeIgniter\View\{closure}()
 4 SYSTEMPATH\Common.php(1171): CodeIgniter\View\View->render('dashboard/edit_user', [], true)
 5 APPPATH\Controllers\UserManagement.php(58): view('dashboard/edit_user', [...])
 6 SYSTEMPATH\CodeIgniter.php(933): App\Controllers\UserManagement->edit('1')
 7 SYSTEMPATH\CodeIgniter.php(509): CodeIgniter\CodeIgniter->runController(Object(App\Controllers\UserManagement))
 8 SYSTEMPATH\CodeIgniter.php(355): CodeIgniter\CodeIgniter->handleRequest(null, Object(Config\Cache), false)
 9 SYSTEMPATH\Boot.php(325): CodeIgniter\CodeIgniter->run()
10 SYSTEMPATH\Boot.php(67): CodeIgniter\Boot::runCodeIgniter(Object(CodeIgniter\CodeIgniter))
11 FCPATH\index.php(56): CodeIgniter\Boot::bootWeb(Object(Config\Paths))
CRITICAL - 2024-10-22 10:05:05 --> ErrorException: Undefined variable $u
[Method: GET, Route: dashboard/edit_user/1]
in APPPATH\Views\dashboard\edit_user.php on line 10.
 1 APPPATH\Views\dashboard\edit_user.php(10): CodeIgniter\Debug\Exceptions->errorHandler(2, 'Undefined variable $u', 'C:\\xampp\\htdocs\\ci4\\app\\Views\\dashboard\\edit_user.php', 10)
 2 SYSTEMPATH\View\View.php(234): include('C:\\xampp\\htdocs\\ci4\\app\\Views\\dashboard\\edit_user.php')
 3 SYSTEMPATH\View\View.php(237): CodeIgniter\View\View->CodeIgniter\View\{closure}()
 4 SYSTEMPATH\Common.php(1171): CodeIgniter\View\View->render('dashboard/edit_user', [], true)
 5 APPPATH\Controllers\UserManagement.php(58): view('dashboard/edit_user', [...])
 6 SYSTEMPATH\CodeIgniter.php(933): App\Controllers\UserManagement->edit('1')
 7 SYSTEMPATH\CodeIgniter.php(509): CodeIgniter\CodeIgniter->runController(Object(App\Controllers\UserManagement))
 8 SYSTEMPATH\CodeIgniter.php(355): CodeIgniter\CodeIgniter->handleRequest(null, Object(Config\Cache), false)
 9 SYSTEMPATH\Boot.php(325): CodeIgniter\CodeIgniter->run()
10 SYSTEMPATH\Boot.php(67): CodeIgniter\Boot::runCodeIgniter(Object(CodeIgniter\CodeIgniter))
11 FCPATH\index.php(56): CodeIgniter\Boot::bootWeb(Object(Config\Paths))
CRITICAL - 2024-10-22 10:05:09 --> ErrorException: Undefined variable $u
[Method: GET, Route: dashboard/edit_user/1]
in APPPATH\Views\dashboard\edit_user.php on line 10.
 1 APPPATH\Views\dashboard\edit_user.php(10): CodeIgniter\Debug\Exceptions->errorHandler(2, 'Undefined variable $u', 'C:\\xampp\\htdocs\\ci4\\app\\Views\\dashboard\\edit_user.php', 10)
 2 SYSTEMPATH\View\View.php(234): include('C:\\xampp\\htdocs\\ci4\\app\\Views\\dashboard\\edit_user.php')
 3 SYSTEMPATH\View\View.php(237): CodeIgniter\View\View->CodeIgniter\View\{closure}()
 4 SYSTEMPATH\Common.php(1171): CodeIgniter\View\View->render('dashboard/edit_user', [], true)
 5 APPPATH\Controllers\UserManagement.php(58): view('dashboard/edit_user', [...])
 6 SYSTEMPATH\CodeIgniter.php(933): App\Controllers\UserManagement->edit('1')
 7 SYSTEMPATH\CodeIgniter.php(509): CodeIgniter\CodeIgniter->runController(Object(App\Controllers\UserManagement))
 8 SYSTEMPATH\CodeIgniter.php(355): CodeIgniter\CodeIgniter->handleRequest(null, Object(Config\Cache), false)
 9 SYSTEMPATH\Boot.php(325): CodeIgniter\CodeIgniter->run()
10 SYSTEMPATH\Boot.php(67): CodeIgniter\Boot::runCodeIgniter(Object(CodeIgniter\CodeIgniter))
11 FCPATH\index.php(56): CodeIgniter\Boot::bootWeb(Object(Config\Paths))
CRITICAL - 2024-10-22 10:06:50 --> ErrorException: Undefined variable $u
[Method: GET, Route: dashboard/edit_user/1]
in APPPATH\Views\dashboard\edit_user.php on line 10.
 1 APPPATH\Views\dashboard\edit_user.php(10): CodeIgniter\Debug\Exceptions->errorHandler(2, 'Undefined variable $u', 'C:\\xampp\\htdocs\\ci4\\app\\Views\\dashboard\\edit_user.php', 10)
 2 SYSTEMPATH\View\View.php(234): include('C:\\xampp\\htdocs\\ci4\\app\\Views\\dashboard\\edit_user.php')
 3 SYSTEMPATH\View\View.php(237): CodeIgniter\View\View->CodeIgniter\View\{closure}()
 4 SYSTEMPATH\Common.php(1171): CodeIgniter\View\View->render('dashboard/edit_user', [], true)
 5 APPPATH\Controllers\UserManagement.php(58): view('dashboard/edit_user', [...])
 6 SYSTEMPATH\CodeIgniter.php(933): App\Controllers\UserManagement->edit('1')
 7 SYSTEMPATH\CodeIgniter.php(509): CodeIgniter\CodeIgniter->runController(Object(App\Controllers\UserManagement))
 8 SYSTEMPATH\CodeIgniter.php(355): CodeIgniter\CodeIgniter->handleRequest(null, Object(Config\Cache), false)
 9 SYSTEMPATH\Boot.php(325): CodeIgniter\CodeIgniter->run()
10 SYSTEMPATH\Boot.php(67): CodeIgniter\Boot::runCodeIgniter(Object(CodeIgniter\CodeIgniter))
11 FCPATH\index.php(56): CodeIgniter\Boot::bootWeb(Object(Config\Paths))
CRITICAL - 2024-10-22 10:06:54 --> ErrorException: Undefined variable $u
[Method: GET, Route: dashboard/edit_user/1]
in APPPATH\Views\dashboard\edit_user.php on line 10.
 1 APPPATH\Views\dashboard\edit_user.php(10): CodeIgniter\Debug\Exceptions->errorHandler(2, 'Undefined variable $u', 'C:\\xampp\\htdocs\\ci4\\app\\Views\\dashboard\\edit_user.php', 10)
 2 SYSTEMPATH\View\View.php(234): include('C:\\xampp\\htdocs\\ci4\\app\\Views\\dashboard\\edit_user.php')
 3 SYSTEMPATH\View\View.php(237): CodeIgniter\View\View->CodeIgniter\View\{closure}()
 4 SYSTEMPATH\Common.php(1171): CodeIgniter\View\View->render('dashboard/edit_user', [], true)
 5 APPPATH\Controllers\UserManagement.php(58): view('dashboard/edit_user', [...])
 6 SYSTEMPATH\CodeIgniter.php(933): App\Controllers\UserManagement->edit('1')
 7 SYSTEMPATH\CodeIgniter.php(509): CodeIgniter\CodeIgniter->runController(Object(App\Controllers\UserManagement))
 8 SYSTEMPATH\CodeIgniter.php(355): CodeIgniter\CodeIgniter->handleRequest(null, Object(Config\Cache), false)
 9 SYSTEMPATH\Boot.php(325): CodeIgniter\CodeIgniter->run()
10 SYSTEMPATH\Boot.php(67): CodeIgniter\Boot::runCodeIgniter(Object(CodeIgniter\CodeIgniter))
11 FCPATH\index.php(56): CodeIgniter\Boot::bootWeb(Object(Config\Paths))
CRITICAL - 2024-10-22 10:06:56 --> ErrorException: Undefined variable $u
[Method: GET, Route: dashboard/edit_user/1]
in APPPATH\Views\dashboard\edit_user.php on line 10.
 1 APPPATH\Views\dashboard\edit_user.php(10): CodeIgniter\Debug\Exceptions->errorHandler(2, 'Undefined variable $u', 'C:\\xampp\\htdocs\\ci4\\app\\Views\\dashboard\\edit_user.php', 10)
 2 SYSTEMPATH\View\View.php(234): include('C:\\xampp\\htdocs\\ci4\\app\\Views\\dashboard\\edit_user.php')
 3 SYSTEMPATH\View\View.php(237): CodeIgniter\View\View->CodeIgniter\View\{closure}()
 4 SYSTEMPATH\Common.php(1171): CodeIgniter\View\View->render('dashboard/edit_user', [], true)
 5 APPPATH\Controllers\UserManagement.php(58): view('dashboard/edit_user', [...])
 6 SYSTEMPATH\CodeIgniter.php(933): App\Controllers\UserManagement->edit('1')
 7 SYSTEMPATH\CodeIgniter.php(509): CodeIgniter\CodeIgniter->runController(Object(App\Controllers\UserManagement))
 8 SYSTEMPATH\CodeIgniter.php(355): CodeIgniter\CodeIgniter->handleRequest(null, Object(Config\Cache), false)
 9 SYSTEMPATH\Boot.php(325): CodeIgniter\CodeIgniter->run()
10 SYSTEMPATH\Boot.php(67): CodeIgniter\Boot::runCodeIgniter(Object(CodeIgniter\CodeIgniter))
11 FCPATH\index.php(56): CodeIgniter\Boot::bootWeb(Object(Config\Paths))
CRITICAL - 2024-10-22 10:09:19 --> ErrorException: Undefined variable $u
[Method: GET, Route: dashboard/edit_user/1]
in APPPATH\Views\dashboard\edit_user.php on line 10.
 1 APPPATH\Views\dashboard\edit_user.php(10): CodeIgniter\Debug\Exceptions->errorHandler(2, 'Undefined variable $u', 'C:\\xampp\\htdocs\\ci4\\app\\Views\\dashboard\\edit_user.php', 10)
 2 SYSTEMPATH\View\View.php(234): include('C:\\xampp\\htdocs\\ci4\\app\\Views\\dashboard\\edit_user.php')
 3 SYSTEMPATH\View\View.php(237): CodeIgniter\View\View->CodeIgniter\View\{closure}()
 4 SYSTEMPATH\Common.php(1171): CodeIgniter\View\View->render('dashboard/edit_user', [], true)
 5 APPPATH\Controllers\UserManagement.php(58): view('dashboard/edit_user', [...])
 6 SYSTEMPATH\CodeIgniter.php(933): App\Controllers\UserManagement->edit('1')
 7 SYSTEMPATH\CodeIgniter.php(509): CodeIgniter\CodeIgniter->runController(Object(App\Controllers\UserManagement))
 8 SYSTEMPATH\CodeIgniter.php(355): CodeIgniter\CodeIgniter->handleRequest(null, Object(Config\Cache), false)
 9 SYSTEMPATH\Boot.php(325): CodeIgniter\CodeIgniter->run()
10 SYSTEMPATH\Boot.php(67): CodeIgniter\Boot::runCodeIgniter(Object(CodeIgniter\CodeIgniter))
11 FCPATH\index.php(56): CodeIgniter\Boot::bootWeb(Object(Config\Paths))
CRITICAL - 2024-10-22 10:09:22 --> ErrorException: Undefined variable $u
[Method: GET, Route: dashboard/edit_user/1]
in APPPATH\Views\dashboard\edit_user.php on line 10.
 1 APPPATH\Views\dashboard\edit_user.php(10): CodeIgniter\Debug\Exceptions->errorHandler(2, 'Undefined variable $u', 'C:\\xampp\\htdocs\\ci4\\app\\Views\\dashboard\\edit_user.php', 10)
 2 SYSTEMPATH\View\View.php(234): include('C:\\xampp\\htdocs\\ci4\\app\\Views\\dashboard\\edit_user.php')
 3 SYSTEMPATH\View\View.php(237): CodeIgniter\View\View->CodeIgniter\View\{closure}()
 4 SYSTEMPATH\Common.php(1171): CodeIgniter\View\View->render('dashboard/edit_user', [], true)
 5 APPPATH\Controllers\UserManagement.php(58): view('dashboard/edit_user', [...])
 6 SYSTEMPATH\CodeIgniter.php(933): App\Controllers\UserManagement->edit('1')
 7 SYSTEMPATH\CodeIgniter.php(509): CodeIgniter\CodeIgniter->runController(Object(App\Controllers\UserManagement))
 8 SYSTEMPATH\CodeIgniter.php(355): CodeIgniter\CodeIgniter->handleRequest(null, Object(Config\Cache), false)
 9 SYSTEMPATH\Boot.php(325): CodeIgniter\CodeIgniter->run()
10 SYSTEMPATH\Boot.php(67): CodeIgniter\Boot::runCodeIgniter(Object(CodeIgniter\CodeIgniter))
11 FCPATH\index.php(56): CodeIgniter\Boot::bootWeb(Object(Config\Paths))
CRITICAL - 2024-10-22 10:11:35 --> ErrorException: Undefined variable $u
[Method: GET, Route: dashboard/edit_user/1]
in APPPATH\Views\dashboard\edit_user.php on line 10.
 1 APPPATH\Views\dashboard\edit_user.php(10): CodeIgniter\Debug\Exceptions->errorHandler(2, 'Undefined variable $u', 'C:\\xampp\\htdocs\\ci4\\app\\Views\\dashboard\\edit_user.php', 10)
 2 SYSTEMPATH\View\View.php(234): include('C:\\xampp\\htdocs\\ci4\\app\\Views\\dashboard\\edit_user.php')
 3 SYSTEMPATH\View\View.php(237): CodeIgniter\View\View->CodeIgniter\View\{closure}()
 4 SYSTEMPATH\Common.php(1171): CodeIgniter\View\View->render('dashboard/edit_user', [], true)
 5 APPPATH\Controllers\UserManagement.php(58): view('dashboard/edit_user', [...])
 6 SYSTEMPATH\CodeIgniter.php(933): App\Controllers\UserManagement->edit('1')
 7 SYSTEMPATH\CodeIgniter.php(509): CodeIgniter\CodeIgniter->runController(Object(App\Controllers\UserManagement))
 8 SYSTEMPATH\CodeIgniter.php(355): CodeIgniter\CodeIgniter->handleRequest(null, Object(Config\Cache), false)
 9 SYSTEMPATH\Boot.php(325): CodeIgniter\CodeIgniter->run()
10 SYSTEMPATH\Boot.php(67): CodeIgniter\Boot::runCodeIgniter(Object(CodeIgniter\CodeIgniter))
11 FCPATH\index.php(56): CodeIgniter\Boot::bootWeb(Object(Config\Paths))
CRITICAL - 2024-10-22 10:11:40 --> ErrorException: Undefined variable $u
[Method: GET, Route: dashboard/edit_user/1]
in APPPATH\Views\dashboard\edit_user.php on line 10.
 1 APPPATH\Views\dashboard\edit_user.php(10): CodeIgniter\Debug\Exceptions->errorHandler(2, 'Undefined variable $u', 'C:\\xampp\\htdocs\\ci4\\app\\Views\\dashboard\\edit_user.php', 10)
 2 SYSTEMPATH\View\View.php(234): include('C:\\xampp\\htdocs\\ci4\\app\\Views\\dashboard\\edit_user.php')
 3 SYSTEMPATH\View\View.php(237): CodeIgniter\View\View->CodeIgniter\View\{closure}()
 4 SYSTEMPATH\Common.php(1171): CodeIgniter\View\View->render('dashboard/edit_user', [], true)
 5 APPPATH\Controllers\UserManagement.php(58): view('dashboard/edit_user', [...])
 6 SYSTEMPATH\CodeIgniter.php(933): App\Controllers\UserManagement->edit('1')
 7 SYSTEMPATH\CodeIgniter.php(509): CodeIgniter\CodeIgniter->runController(Object(App\Controllers\UserManagement))
 8 SYSTEMPATH\CodeIgniter.php(355): CodeIgniter\CodeIgniter->handleRequest(null, Object(Config\Cache), false)
 9 SYSTEMPATH\Boot.php(325): CodeIgniter\CodeIgniter->run()
10 SYSTEMPATH\Boot.php(67): CodeIgniter\Boot::runCodeIgniter(Object(CodeIgniter\CodeIgniter))
11 FCPATH\index.php(56): CodeIgniter\Boot::bootWeb(Object(Config\Paths))
CRITICAL - 2024-10-22 10:11:54 --> ErrorException: Undefined variable $u
[Method: GET, Route: dashboard/edit_user/6]
in APPPATH\Views\dashboard\edit_user.php on line 10.
 1 APPPATH\Views\dashboard\edit_user.php(10): CodeIgniter\Debug\Exceptions->errorHandler(2, 'Undefined variable $u', 'C:\\xampp\\htdocs\\ci4\\app\\Views\\dashboard\\edit_user.php', 10)
 2 SYSTEMPATH\View\View.php(234): include('C:\\xampp\\htdocs\\ci4\\app\\Views\\dashboard\\edit_user.php')
 3 SYSTEMPATH\View\View.php(237): CodeIgniter\View\View->CodeIgniter\View\{closure}()
 4 SYSTEMPATH\Common.php(1171): CodeIgniter\View\View->render('dashboard/edit_user', [], true)
 5 APPPATH\Controllers\UserManagement.php(58): view('dashboard/edit_user', [...])
 6 SYSTEMPATH\CodeIgniter.php(933): App\Controllers\UserManagement->edit('6')
 7 SYSTEMPATH\CodeIgniter.php(509): CodeIgniter\CodeIgniter->runController(Object(App\Controllers\UserManagement))
 8 SYSTEMPATH\CodeIgniter.php(355): CodeIgniter\CodeIgniter->handleRequest(null, Object(Config\Cache), false)
 9 SYSTEMPATH\Boot.php(325): CodeIgniter\CodeIgniter->run()
10 SYSTEMPATH\Boot.php(67): CodeIgniter\Boot::runCodeIgniter(Object(CodeIgniter\CodeIgniter))
11 FCPATH\index.php(56): CodeIgniter\Boot::bootWeb(Object(Config\Paths))
CRITICAL - 2024-10-22 10:13:48 --> ErrorException: Undefined variable $u
[Method: GET, Route: dashboard/edit_user/7]
in APPPATH\Views\dashboard\edit_user.php on line 10.
 1 APPPATH\Views\dashboard\edit_user.php(10): CodeIgniter\Debug\Exceptions->errorHandler(2, 'Undefined variable $u', 'C:\\xampp\\htdocs\\ci4\\app\\Views\\dashboard\\edit_user.php', 10)
 2 SYSTEMPATH\View\View.php(234): include('C:\\xampp\\htdocs\\ci4\\app\\Views\\dashboard\\edit_user.php')
 3 SYSTEMPATH\View\View.php(237): CodeIgniter\View\View->CodeIgniter\View\{closure}()
 4 SYSTEMPATH\Common.php(1171): CodeIgniter\View\View->render('dashboard/edit_user', [], true)
 5 APPPATH\Controllers\UserManagement.php(58): view('dashboard/edit_user', [...])
 6 SYSTEMPATH\CodeIgniter.php(933): App\Controllers\UserManagement->edit('7')
 7 SYSTEMPATH\CodeIgniter.php(509): CodeIgniter\CodeIgniter->runController(Object(App\Controllers\UserManagement))
 8 SYSTEMPATH\CodeIgniter.php(355): CodeIgniter\CodeIgniter->handleRequest(null, Object(Config\Cache), false)
 9 SYSTEMPATH\Boot.php(325): CodeIgniter\CodeIgniter->run()
10 SYSTEMPATH\Boot.php(67): CodeIgniter\Boot::runCodeIgniter(Object(CodeIgniter\CodeIgniter))
11 FCPATH\index.php(56): CodeIgniter\Boot::bootWeb(Object(Config\Paths))
CRITICAL - 2024-10-22 10:15:31 --> ErrorException: Undefined variable $u
[Method: GET, Route: dashboard/edit_user/7]
in APPPATH\Views\dashboard\edit_user.php on line 10.
 1 APPPATH\Views\dashboard\edit_user.php(10): CodeIgniter\Debug\Exceptions->errorHandler(2, 'Undefined variable $u', 'C:\\xampp\\htdocs\\ci4\\app\\Views\\dashboard\\edit_user.php', 10)
 2 SYSTEMPATH\View\View.php(234): include('C:\\xampp\\htdocs\\ci4\\app\\Views\\dashboard\\edit_user.php')
 3 SYSTEMPATH\View\View.php(237): CodeIgniter\View\View->CodeIgniter\View\{closure}()
 4 SYSTEMPATH\Common.php(1171): CodeIgniter\View\View->render('dashboard/edit_user', [], true)
 5 APPPATH\Controllers\UserManagement.php(58): view('dashboard/edit_user', [...])
 6 SYSTEMPATH\CodeIgniter.php(933): App\Controllers\UserManagement->edit('7')
 7 SYSTEMPATH\CodeIgniter.php(509): CodeIgniter\CodeIgniter->runController(Object(App\Controllers\UserManagement))
 8 SYSTEMPATH\CodeIgniter.php(355): CodeIgniter\CodeIgniter->handleRequest(null, Object(Config\Cache), false)
 9 SYSTEMPATH\Boot.php(325): CodeIgniter\CodeIgniter->run()
10 SYSTEMPATH\Boot.php(67): CodeIgniter\Boot::runCodeIgniter(Object(CodeIgniter\CodeIgniter))
11 FCPATH\index.php(56): CodeIgniter\Boot::bootWeb(Object(Config\Paths))
CRITICAL - 2024-10-22 10:15:34 --> ErrorException: Undefined variable $u
[Method: GET, Route: dashboard/edit_user/7]
in APPPATH\Views\dashboard\edit_user.php on line 10.
 1 APPPATH\Views\dashboard\edit_user.php(10): CodeIgniter\Debug\Exceptions->errorHandler(2, 'Undefined variable $u', 'C:\\xampp\\htdocs\\ci4\\app\\Views\\dashboard\\edit_user.php', 10)
 2 SYSTEMPATH\View\View.php(234): include('C:\\xampp\\htdocs\\ci4\\app\\Views\\dashboard\\edit_user.php')
 3 SYSTEMPATH\View\View.php(237): CodeIgniter\View\View->CodeIgniter\View\{closure}()
 4 SYSTEMPATH\Common.php(1171): CodeIgniter\View\View->render('dashboard/edit_user', [], true)
 5 APPPATH\Controllers\UserManagement.php(58): view('dashboard/edit_user', [...])
 6 SYSTEMPATH\CodeIgniter.php(933): App\Controllers\UserManagement->edit('7')
 7 SYSTEMPATH\CodeIgniter.php(509): CodeIgniter\CodeIgniter->runController(Object(App\Controllers\UserManagement))
 8 SYSTEMPATH\CodeIgniter.php(355): CodeIgniter\CodeIgniter->handleRequest(null, Object(Config\Cache), false)
 9 SYSTEMPATH\Boot.php(325): CodeIgniter\CodeIgniter->run()
10 SYSTEMPATH\Boot.php(67): CodeIgniter\Boot::runCodeIgniter(Object(CodeIgniter\CodeIgniter))
11 FCPATH\index.php(56): CodeIgniter\Boot::bootWeb(Object(Config\Paths))
CRITICAL - 2024-10-22 10:15:51 --> ErrorException: Undefined variable $u
[Method: GET, Route: dashboard/edit_user/1]
in APPPATH\Views\dashboard\edit_user.php on line 10.
 1 APPPATH\Views\dashboard\edit_user.php(10): CodeIgniter\Debug\Exceptions->errorHandler(2, 'Undefined variable $u', 'C:\\xampp\\htdocs\\ci4\\app\\Views\\dashboard\\edit_user.php', 10)
 2 SYSTEMPATH\View\View.php(234): include('C:\\xampp\\htdocs\\ci4\\app\\Views\\dashboard\\edit_user.php')
 3 SYSTEMPATH\View\View.php(237): CodeIgniter\View\View->CodeIgniter\View\{closure}()
 4 SYSTEMPATH\Common.php(1171): CodeIgniter\View\View->render('dashboard/edit_user', [], true)
 5 APPPATH\Controllers\UserManagement.php(58): view('dashboard/edit_user', [...])
 6 SYSTEMPATH\CodeIgniter.php(933): App\Controllers\UserManagement->edit('1')
 7 SYSTEMPATH\CodeIgniter.php(509): CodeIgniter\CodeIgniter->runController(Object(App\Controllers\UserManagement))
 8 SYSTEMPATH\CodeIgniter.php(355): CodeIgniter\CodeIgniter->handleRequest(null, Object(Config\Cache), false)
 9 SYSTEMPATH\Boot.php(325): CodeIgniter\CodeIgniter->run()
10 SYSTEMPATH\Boot.php(67): CodeIgniter\Boot::runCodeIgniter(Object(CodeIgniter\CodeIgniter))
11 FCPATH\index.php(56): CodeIgniter\Boot::bootWeb(Object(Config\Paths))
CRITICAL - 2024-10-22 11:18:11 --> ErrorException: Undefined variable $u
[Method: GET, Route: dashboard/edit_user/1]
in APPPATH\Views\dashboard\edit_user.php on line 10.
 1 APPPATH\Views\dashboard\edit_user.php(10): CodeIgniter\Debug\Exceptions->errorHandler(2, 'Undefined variable $u', 'C:\\xampp\\htdocs\\ci4\\app\\Views\\dashboard\\edit_user.php', 10)
 2 SYSTEMPATH\View\View.php(234): include('C:\\xampp\\htdocs\\ci4\\app\\Views\\dashboard\\edit_user.php')
 3 SYSTEMPATH\View\View.php(237): CodeIgniter\View\View->CodeIgniter\View\{closure}()
 4 SYSTEMPATH\Common.php(1171): CodeIgniter\View\View->render('dashboard/edit_user', [], true)
 5 APPPATH\Controllers\UserManagement.php(58): view('dashboard/edit_user', [...])
 6 SYSTEMPATH\CodeIgniter.php(933): App\Controllers\UserManagement->edit('1')
 7 SYSTEMPATH\CodeIgniter.php(509): CodeIgniter\CodeIgniter->runController(Object(App\Controllers\UserManagement))
 8 SYSTEMPATH\CodeIgniter.php(355): CodeIgniter\CodeIgniter->handleRequest(null, Object(Config\Cache), false)
 9 SYSTEMPATH\Boot.php(325): CodeIgniter\CodeIgniter->run()
10 SYSTEMPATH\Boot.php(67): CodeIgniter\Boot::runCodeIgniter(Object(CodeIgniter\CodeIgniter))
11 FCPATH\index.php(56): CodeIgniter\Boot::bootWeb(Object(Config\Paths))
CRITICAL - 2024-10-22 11:18:37 --> ErrorException: Undefined variable $u
[Method: GET, Route: dashboard/edit_user/1]
in APPPATH\Views\dashboard\edit_user.php on line 10.
 1 APPPATH\Views\dashboard\edit_user.php(10): CodeIgniter\Debug\Exceptions->errorHandler(2, 'Undefined variable $u', 'C:\\xampp\\htdocs\\ci4\\app\\Views\\dashboard\\edit_user.php', 10)
 2 SYSTEMPATH\View\View.php(234): include('C:\\xampp\\htdocs\\ci4\\app\\Views\\dashboard\\edit_user.php')
 3 SYSTEMPATH\View\View.php(237): CodeIgniter\View\View->CodeIgniter\View\{closure}()
 4 SYSTEMPATH\Common.php(1171): CodeIgniter\View\View->render('dashboard/edit_user', [], true)
 5 APPPATH\Controllers\UserManagement.php(58): view('dashboard/edit_user', [...])
 6 SYSTEMPATH\CodeIgniter.php(933): App\Controllers\UserManagement->edit('1')
 7 SYSTEMPATH\CodeIgniter.php(509): CodeIgniter\CodeIgniter->runController(Object(App\Controllers\UserManagement))
 8 SYSTEMPATH\CodeIgniter.php(355): CodeIgniter\CodeIgniter->handleRequest(null, Object(Config\Cache), false)
 9 SYSTEMPATH\Boot.php(325): CodeIgniter\CodeIgniter->run()
10 SYSTEMPATH\Boot.php(67): CodeIgniter\Boot::runCodeIgniter(Object(CodeIgniter\CodeIgniter))
11 FCPATH\index.php(56): CodeIgniter\Boot::bootWeb(Object(Config\Paths))
CRITICAL - 2024-10-22 11:19:26 --> ErrorException: Undefined variable $u
[Method: GET, Route: dashboard/edit_user/1]
in APPPATH\Views\dashboard\edit_user.php on line 13.
 1 APPPATH\Views\dashboard\edit_user.php(13): CodeIgniter\Debug\Exceptions->errorHandler(2, 'Undefined variable $u', 'C:\\xampp\\htdocs\\ci4\\app\\Views\\dashboard\\edit_user.php', 13)
 2 SYSTEMPATH\View\View.php(234): include('C:\\xampp\\htdocs\\ci4\\app\\Views\\dashboard\\edit_user.php')
 3 SYSTEMPATH\View\View.php(237): CodeIgniter\View\View->CodeIgniter\View\{closure}()
 4 SYSTEMPATH\Common.php(1171): CodeIgniter\View\View->render('dashboard/edit_user', [], true)
 5 APPPATH\Controllers\UserManagement.php(58): view('dashboard/edit_user', [...])
 6 SYSTEMPATH\CodeIgniter.php(933): App\Controllers\UserManagement->edit('1')
 7 SYSTEMPATH\CodeIgniter.php(509): CodeIgniter\CodeIgniter->runController(Object(App\Controllers\UserManagement))
 8 SYSTEMPATH\CodeIgniter.php(355): CodeIgniter\CodeIgniter->handleRequest(null, Object(Config\Cache), false)
 9 SYSTEMPATH\Boot.php(325): CodeIgniter\CodeIgniter->run()
10 SYSTEMPATH\Boot.php(67): CodeIgniter\Boot::runCodeIgniter(Object(CodeIgniter\CodeIgniter))
11 FCPATH\index.php(56): CodeIgniter\Boot::bootWeb(Object(Config\Paths))
CRITICAL - 2024-10-22 11:19:26 --> ErrorException: Undefined variable $u
[Method: GET, Route: dashboard/edit_user/1]
in APPPATH\Views\dashboard\edit_user.php on line 13.
 1 APPPATH\Views\dashboard\edit_user.php(13): CodeIgniter\Debug\Exceptions->errorHandler(2, 'Undefined variable $u', 'C:\\xampp\\htdocs\\ci4\\app\\Views\\dashboard\\edit_user.php', 13)
 2 SYSTEMPATH\View\View.php(234): include('C:\\xampp\\htdocs\\ci4\\app\\Views\\dashboard\\edit_user.php')
 3 SYSTEMPATH\View\View.php(237): CodeIgniter\View\View->CodeIgniter\View\{closure}()
 4 SYSTEMPATH\Common.php(1171): CodeIgniter\View\View->render('dashboard/edit_user', [], true)
 5 APPPATH\Controllers\UserManagement.php(58): view('dashboard/edit_user', [...])
 6 SYSTEMPATH\CodeIgniter.php(933): App\Controllers\UserManagement->edit('1')
 7 SYSTEMPATH\CodeIgniter.php(509): CodeIgniter\CodeIgniter->runController(Object(App\Controllers\UserManagement))
 8 SYSTEMPATH\CodeIgniter.php(355): CodeIgniter\CodeIgniter->handleRequest(null, Object(Config\Cache), false)
 9 SYSTEMPATH\Boot.php(325): CodeIgniter\CodeIgniter->run()
10 SYSTEMPATH\Boot.php(67): CodeIgniter\Boot::runCodeIgniter(Object(CodeIgniter\CodeIgniter))
11 FCPATH\index.php(56): CodeIgniter\Boot::bootWeb(Object(Config\Paths))
CRITICAL - 2024-10-22 11:19:26 --> ErrorException: Undefined variable $u
[Method: GET, Route: dashboard/edit_user/1]
in APPPATH\Views\dashboard\edit_user.php on line 13.
 1 APPPATH\Views\dashboard\edit_user.php(13): CodeIgniter\Debug\Exceptions->errorHandler(2, 'Undefined variable $u', 'C:\\xampp\\htdocs\\ci4\\app\\Views\\dashboard\\edit_user.php', 13)
 2 SYSTEMPATH\View\View.php(234): include('C:\\xampp\\htdocs\\ci4\\app\\Views\\dashboard\\edit_user.php')
 3 SYSTEMPATH\View\View.php(237): CodeIgniter\View\View->CodeIgniter\View\{closure}()
 4 SYSTEMPATH\Common.php(1171): CodeIgniter\View\View->render('dashboard/edit_user', [], true)
 5 APPPATH\Controllers\UserManagement.php(58): view('dashboard/edit_user', [...])
 6 SYSTEMPATH\CodeIgniter.php(933): App\Controllers\UserManagement->edit('1')
 7 SYSTEMPATH\CodeIgniter.php(509): CodeIgniter\CodeIgniter->runController(Object(App\Controllers\UserManagement))
 8 SYSTEMPATH\CodeIgniter.php(355): CodeIgniter\CodeIgniter->handleRequest(null, Object(Config\Cache), false)
 9 SYSTEMPATH\Boot.php(325): CodeIgniter\CodeIgniter->run()
10 SYSTEMPATH\Boot.php(67): CodeIgniter\Boot::runCodeIgniter(Object(CodeIgniter\CodeIgniter))
11 FCPATH\index.php(56): CodeIgniter\Boot::bootWeb(Object(Config\Paths))
CRITICAL - 2024-10-22 11:19:30 --> ErrorException: Undefined variable $u
[Method: GET, Route: dashboard/edit_user/1]
in APPPATH\Views\dashboard\edit_user.php on line 13.
 1 APPPATH\Views\dashboard\edit_user.php(13): CodeIgniter\Debug\Exceptions->errorHandler(2, 'Undefined variable $u', 'C:\\xampp\\htdocs\\ci4\\app\\Views\\dashboard\\edit_user.php', 13)
 2 SYSTEMPATH\View\View.php(234): include('C:\\xampp\\htdocs\\ci4\\app\\Views\\dashboard\\edit_user.php')
 3 SYSTEMPATH\View\View.php(237): CodeIgniter\View\View->CodeIgniter\View\{closure}()
 4 SYSTEMPATH\Common.php(1171): CodeIgniter\View\View->render('dashboard/edit_user', [], true)
 5 APPPATH\Controllers\UserManagement.php(58): view('dashboard/edit_user', [...])
 6 SYSTEMPATH\CodeIgniter.php(933): App\Controllers\UserManagement->edit('1')
 7 SYSTEMPATH\CodeIgniter.php(509): CodeIgniter\CodeIgniter->runController(Object(App\Controllers\UserManagement))
 8 SYSTEMPATH\CodeIgniter.php(355): CodeIgniter\CodeIgniter->handleRequest(null, Object(Config\Cache), false)
 9 SYSTEMPATH\Boot.php(325): CodeIgniter\CodeIgniter->run()
10 SYSTEMPATH\Boot.php(67): CodeIgniter\Boot::runCodeIgniter(Object(CodeIgniter\CodeIgniter))
11 FCPATH\index.php(56): CodeIgniter\Boot::bootWeb(Object(Config\Paths))
CRITICAL - 2024-10-22 11:20:12 --> ErrorException: Undefined variable $u
[Method: GET, Route: dashboard/edit_user/1]
in APPPATH\Views\dashboard\edit_user.php on line 13.
 1 APPPATH\Views\dashboard\edit_user.php(13): CodeIgniter\Debug\Exceptions->errorHandler(2, 'Undefined variable $u', 'C:\\xampp\\htdocs\\ci4\\app\\Views\\dashboard\\edit_user.php', 13)
 2 SYSTEMPATH\View\View.php(234): include('C:\\xampp\\htdocs\\ci4\\app\\Views\\dashboard\\edit_user.php')
 3 SYSTEMPATH\View\View.php(237): CodeIgniter\View\View->CodeIgniter\View\{closure}()
 4 SYSTEMPATH\Common.php(1171): CodeIgniter\View\View->render('dashboard/edit_user', [], true)
 5 APPPATH\Controllers\UserManagement.php(58): view('dashboard/edit_user', [...])
 6 SYSTEMPATH\CodeIgniter.php(933): App\Controllers\UserManagement->edit('1')
 7 SYSTEMPATH\CodeIgniter.php(509): CodeIgniter\CodeIgniter->runController(Object(App\Controllers\UserManagement))
 8 SYSTEMPATH\CodeIgniter.php(355): CodeIgniter\CodeIgniter->handleRequest(null, Object(Config\Cache), false)
 9 SYSTEMPATH\Boot.php(325): CodeIgniter\CodeIgniter->run()
10 SYSTEMPATH\Boot.php(67): CodeIgniter\Boot::runCodeIgniter(Object(CodeIgniter\CodeIgniter))
11 FCPATH\index.php(56): CodeIgniter\Boot::bootWeb(Object(Config\Paths))
CRITICAL - 2024-10-22 11:25:00 --> ErrorException: Undefined variable $u
[Method: GET, Route: dashboard/edit_user/6]
in APPPATH\Views\dashboard\edit_user.php on line 10.
 1 APPPATH\Views\dashboard\edit_user.php(10): CodeIgniter\Debug\Exceptions->errorHandler(2, 'Undefined variable $u', 'C:\\xampp\\htdocs\\ci4\\app\\Views\\dashboard\\edit_user.php', 10)
 2 SYSTEMPATH\View\View.php(234): include('C:\\xampp\\htdocs\\ci4\\app\\Views\\dashboard\\edit_user.php')
 3 SYSTEMPATH\View\View.php(237): CodeIgniter\View\View->CodeIgniter\View\{closure}()
 4 SYSTEMPATH\Common.php(1171): CodeIgniter\View\View->render('dashboard/edit_user', [], true)
 5 APPPATH\Controllers\UserManagement.php(58): view('dashboard/edit_user', [...])
 6 SYSTEMPATH\CodeIgniter.php(933): App\Controllers\UserManagement->edit('6')
 7 SYSTEMPATH\CodeIgniter.php(509): CodeIgniter\CodeIgniter->runController(Object(App\Controllers\UserManagement))
 8 SYSTEMPATH\CodeIgniter.php(355): CodeIgniter\CodeIgniter->handleRequest(null, Object(Config\Cache), false)
 9 SYSTEMPATH\Boot.php(325): CodeIgniter\CodeIgniter->run()
10 SYSTEMPATH\Boot.php(67): CodeIgniter\Boot::runCodeIgniter(Object(CodeIgniter\CodeIgniter))
11 FCPATH\index.php(56): CodeIgniter\Boot::bootWeb(Object(Config\Paths))
CRITICAL - 2024-10-22 11:25:03 --> ErrorException: Undefined variable $u
[Method: GET, Route: dashboard/edit_user/1]
in APPPATH\Views\dashboard\edit_user.php on line 10.
 1 APPPATH\Views\dashboard\edit_user.php(10): CodeIgniter\Debug\Exceptions->errorHandler(2, 'Undefined variable $u', 'C:\\xampp\\htdocs\\ci4\\app\\Views\\dashboard\\edit_user.php', 10)
 2 SYSTEMPATH\View\View.php(234): include('C:\\xampp\\htdocs\\ci4\\app\\Views\\dashboard\\edit_user.php')
 3 SYSTEMPATH\View\View.php(237): CodeIgniter\View\View->CodeIgniter\View\{closure}()
 4 SYSTEMPATH\Common.php(1171): CodeIgniter\View\View->render('dashboard/edit_user', [], true)
 5 APPPATH\Controllers\UserManagement.php(58): view('dashboard/edit_user', [...])
 6 SYSTEMPATH\CodeIgniter.php(933): App\Controllers\UserManagement->edit('1')
 7 SYSTEMPATH\CodeIgniter.php(509): CodeIgniter\CodeIgniter->runController(Object(App\Controllers\UserManagement))
 8 SYSTEMPATH\CodeIgniter.php(355): CodeIgniter\CodeIgniter->handleRequest(null, Object(Config\Cache), false)
 9 SYSTEMPATH\Boot.php(325): CodeIgniter\CodeIgniter->run()
10 SYSTEMPATH\Boot.php(67): CodeIgniter\Boot::runCodeIgniter(Object(CodeIgniter\CodeIgniter))
11 FCPATH\index.php(56): CodeIgniter\Boot::bootWeb(Object(Config\Paths))
CRITICAL - 2024-10-22 11:29:40 --> ErrorException: Undefined variable $u
[Method: GET, Route: dashboard/edit_user/1]
in APPPATH\Views\dashboard\edit_user.php on line 10.
 1 APPPATH\Views\dashboard\edit_user.php(10): CodeIgniter\Debug\Exceptions->errorHandler(2, 'Undefined variable $u', 'C:\\xampp\\htdocs\\ci4\\app\\Views\\dashboard\\edit_user.php', 10)
 2 SYSTEMPATH\View\View.php(234): include('C:\\xampp\\htdocs\\ci4\\app\\Views\\dashboard\\edit_user.php')
 3 SYSTEMPATH\View\View.php(237): CodeIgniter\View\View->CodeIgniter\View\{closure}()
 4 SYSTEMPATH\Common.php(1171): CodeIgniter\View\View->render('dashboard/edit_user', [], true)
 5 APPPATH\Controllers\UserManagement.php(58): view('dashboard/edit_user', [...])
 6 SYSTEMPATH\CodeIgniter.php(933): App\Controllers\UserManagement->edit('1')
 7 SYSTEMPATH\CodeIgniter.php(509): CodeIgniter\CodeIgniter->runController(Object(App\Controllers\UserManagement))
 8 SYSTEMPATH\CodeIgniter.php(355): CodeIgniter\CodeIgniter->handleRequest(null, Object(Config\Cache), false)
 9 SYSTEMPATH\Boot.php(325): CodeIgniter\CodeIgniter->run()
10 SYSTEMPATH\Boot.php(67): CodeIgniter\Boot::runCodeIgniter(Object(CodeIgniter\CodeIgniter))
11 FCPATH\index.php(56): CodeIgniter\Boot::bootWeb(Object(Config\Paths))
CRITICAL - 2024-10-22 11:29:44 --> ErrorException: Undefined variable $u
[Method: GET, Route: dashboard/edit_user/1]
in APPPATH\Views\dashboard\edit_user.php on line 10.
 1 APPPATH\Views\dashboard\edit_user.php(10): CodeIgniter\Debug\Exceptions->errorHandler(2, 'Undefined variable $u', 'C:\\xampp\\htdocs\\ci4\\app\\Views\\dashboard\\edit_user.php', 10)
 2 SYSTEMPATH\View\View.php(234): include('C:\\xampp\\htdocs\\ci4\\app\\Views\\dashboard\\edit_user.php')
 3 SYSTEMPATH\View\View.php(237): CodeIgniter\View\View->CodeIgniter\View\{closure}()
 4 SYSTEMPATH\Common.php(1171): CodeIgniter\View\View->render('dashboard/edit_user', [], true)
 5 APPPATH\Controllers\UserManagement.php(58): view('dashboard/edit_user', [...])
 6 SYSTEMPATH\CodeIgniter.php(933): App\Controllers\UserManagement->edit('1')
 7 SYSTEMPATH\CodeIgniter.php(509): CodeIgniter\CodeIgniter->runController(Object(App\Controllers\UserManagement))
 8 SYSTEMPATH\CodeIgniter.php(355): CodeIgniter\CodeIgniter->handleRequest(null, Object(Config\Cache), false)
 9 SYSTEMPATH\Boot.php(325): CodeIgniter\CodeIgniter->run()
10 SYSTEMPATH\Boot.php(67): CodeIgniter\Boot::runCodeIgniter(Object(CodeIgniter\CodeIgniter))
11 FCPATH\index.php(56): CodeIgniter\Boot::bootWeb(Object(Config\Paths))
CRITICAL - 2024-10-22 11:29:54 --> ErrorException: Undefined variable $u
[Method: GET, Route: dashboard/edit_user/1]
in APPPATH\Views\dashboard\edit_user.php on line 10.
 1 APPPATH\Views\dashboard\edit_user.php(10): CodeIgniter\Debug\Exceptions->errorHandler(2, 'Undefined variable $u', 'C:\\xampp\\htdocs\\ci4\\app\\Views\\dashboard\\edit_user.php', 10)
 2 SYSTEMPATH\View\View.php(234): include('C:\\xampp\\htdocs\\ci4\\app\\Views\\dashboard\\edit_user.php')
 3 SYSTEMPATH\View\View.php(237): CodeIgniter\View\View->CodeIgniter\View\{closure}()
 4 SYSTEMPATH\Common.php(1171): CodeIgniter\View\View->render('dashboard/edit_user', [], true)
 5 APPPATH\Controllers\UserManagement.php(58): view('dashboard/edit_user', [...])
 6 SYSTEMPATH\CodeIgniter.php(933): App\Controllers\UserManagement->edit('1')
 7 SYSTEMPATH\CodeIgniter.php(509): CodeIgniter\CodeIgniter->runController(Object(App\Controllers\UserManagement))
 8 SYSTEMPATH\CodeIgniter.php(355): CodeIgniter\CodeIgniter->handleRequest(null, Object(Config\Cache), false)
 9 SYSTEMPATH\Boot.php(325): CodeIgniter\CodeIgniter->run()
10 SYSTEMPATH\Boot.php(67): CodeIgniter\Boot::runCodeIgniter(Object(CodeIgniter\CodeIgniter))
11 FCPATH\index.php(56): CodeIgniter\Boot::bootWeb(Object(Config\Paths))
CRITICAL - 2024-10-22 11:29:59 --> ErrorException: Undefined variable $u
[Method: GET, Route: dashboard/edit_user/1]
in APPPATH\Views\dashboard\edit_user.php on line 10.
 1 APPPATH\Views\dashboard\edit_user.php(10): CodeIgniter\Debug\Exceptions->errorHandler(2, 'Undefined variable $u', 'C:\\xampp\\htdocs\\ci4\\app\\Views\\dashboard\\edit_user.php', 10)
 2 SYSTEMPATH\View\View.php(234): include('C:\\xampp\\htdocs\\ci4\\app\\Views\\dashboard\\edit_user.php')
 3 SYSTEMPATH\View\View.php(237): CodeIgniter\View\View->CodeIgniter\View\{closure}()
 4 SYSTEMPATH\Common.php(1171): CodeIgniter\View\View->render('dashboard/edit_user', [], true)
 5 APPPATH\Controllers\UserManagement.php(58): view('dashboard/edit_user', [...])
 6 SYSTEMPATH\CodeIgniter.php(933): App\Controllers\UserManagement->edit('1')
 7 SYSTEMPATH\CodeIgniter.php(509): CodeIgniter\CodeIgniter->runController(Object(App\Controllers\UserManagement))
 8 SYSTEMPATH\CodeIgniter.php(355): CodeIgniter\CodeIgniter->handleRequest(null, Object(Config\Cache), false)
 9 SYSTEMPATH\Boot.php(325): CodeIgniter\CodeIgniter->run()
10 SYSTEMPATH\Boot.php(67): CodeIgniter\Boot::runCodeIgniter(Object(CodeIgniter\CodeIgniter))
11 FCPATH\index.php(56): CodeIgniter\Boot::bootWeb(Object(Config\Paths))
